01:05:14.594 [main] DEBUG org.apache.poi.openxml4j.opc.PackageRelationshipCollection - Parsing relationship: /xl/worksheets/_rels/sheet1.xml.rels
01:05:14.601 [main] DEBUG org.apache.poi.openxml4j.opc.PackageRelationshipCollection - Parsing relationship: /_rels/.rels
01:05:14.618 [main] DEBUG org.apache.poi.openxml4j.opc.PackageRelationshipCollection - Parsing relationship: /xl/_rels/workbook.xml.rels
01:05:14.619 [main] DEBUG org.apache.poi.openxml4j.opc.PackageRelationshipCollection - Parsing relationship: /xl/worksheets/_rels/sheet1.xml.rels
01:05:14.620 [main] DEBUG org.apache.poi.openxml4j.opc.PackageRelationshipCollection - Parsing relationship: /_rels/.rels
01:05:14.635 [main] DEBUG org.apache.poi.openxml4j.opc.PackageRelationshipCollection - Parsing relationship: /xl/_rels/workbook.xml.rels
01:05:14.637 [main] DEBUG org.apache.poi.openxml4j.opc.PackageRelationshipCollection - Parsing relationship: /xl/worksheets/_rels/sheet1.xml.rels
01:05:14.638 [main] DEBUG org.apache.poi.openxml4j.opc.PackageRelationshipCollection - Parsing relationship: /_rels/.rels
01:05:14.658 [main] DEBUG org.apache.poi.openxml4j.opc.PackageRelationshipCollection - Parsing relationship: /xl/_rels/workbook.xml.rels
01:05:14.660 [main] DEBUG org.apache.poi.openxml4j.opc.PackageRelationshipCollection - Parsing relationship: /xl/worksheets/_rels/sheet1.xml.rels
01:05:14.660 [main] DEBUG org.apache.poi.openxml4j.opc.PackageRelationshipCollection - Parsing relationship: /_rels/.rels
01:05:14.680 [main] DEBUG org.apache.poi.openxml4j.opc.PackageRelationshipCollection - Parsing relationship: /xl/_rels/workbook.xml.rels
01:05:14.681 [main] DEBUG org.apache.poi.openxml4j.opc.PackageRelationshipCollection - Parsing relationship: /xl/worksheets/_rels/sheet1.xml.rels
01:05:14.682 [main] DEBUG org.apache.poi.openxml4j.opc.PackageRelationshipCollection - Parsing relationship: /_rels/.rels
01:05:14.695 [main] DEBUG org.apache.poi.openxml4j.opc.PackageRelationshipCollection - Parsing relationship: /xl/_rels/workbook.xml.rels
01:05:14.696 [main] DEBUG org.apache.poi.openxml4j.opc.PackageRelationshipCollection - Parsing relationship: /xl/worksheets/_rels/sheet1.xml.rels
01:05:14.697 [main] DEBUG org.apache.poi.openxml4j.opc.PackageRelationshipCollection - Parsing relationship: /_rels/.rels
01:05:14.717 [main] DEBUG org.apache.poi.openxml4j.opc.PackageRelationshipCollection - Parsing relationship: /xl/_rels/workbook.xml.rels
01:05:14.717 [main] DEBUG org.apache.poi.openxml4j.opc.PackageRelationshipCollection - Parsing relationship: /xl/worksheets/_rels/sheet1.xml.rels
01:05:14.718 [main] DEBUG org.apache.poi.openxml4j.opc.PackageRelationshipCollection - Parsing relationship: /_rels/.rels
01:05:14.743 [main] INFO  testCases.TC003_LoginDDT - Started TC003
01:05:19.667 [main] INFO  testCases.TC003_LoginDDT - TestCase TC003 Passed
01:05:19.678 [main] INFO  testCases.TC003_LoginDDT - Started TC003
01:05:33.972 [main] INFO  testCases.TC003_LoginDDT - TestCase TC003 Passed
01:05:33.980 [main] INFO  testCases.TC003_LoginDDT - Started TC003
01:05:48.719 [main] INFO  testCases.TC003_LoginDDT - TestCase TC003 Passed
01:05:48.724 [main] INFO  testCases.TC003_LoginDDT - Started TC003
01:40:46.549 [main] INFO  testCases.TC002_LoginTest - Starting Login Test
01:40:48.086 [main] INFO  testCases.TC002_LoginTest - Testcases Completed
01:40:51.484 [main] INFO  testCases.TC001_AccountRegistrationPage - ***** Started TC001_AccountRegistrationPage ****** 
01:40:51.633 [main] INFO  testCases.TC001_AccountRegistrationPage - ***** CLick on Myaccount Link ****** 
01:40:52.263 [main] INFO  testCases.TC001_AccountRegistrationPage - ***** Click on Register Link ****** 
01:40:52.268 [main] INFO  testCases.TC001_AccountRegistrationPage - ***** Providing Customer Details ****** 
01:40:53.539 [main] INFO  testCases.TC001_AccountRegistrationPage - ***** Validate expected Message ****** 
01:40:53.577 [main] INFO  testCases.TC001_AccountRegistrationPage - ***** Finished TC001_AccountRegistrationPage ****** 
01:45:28.265 [main] INFO  testCases.TC002_LoginTest - Starting Login Test
01:45:29.774 [main] INFO  testCases.TC002_LoginTest - Testcases Completed
14:56:54.643 [main] INFO  testCases.TC002_LoginTest - Starting Login Test
14:56:56.094 [main] INFO  testCases.TC002_LoginTest - Testcases Completed
14:56:59.286 [main] INFO  testCases.TC001_AccountRegistrationPage - ***** Started TC001_AccountRegistrationPage ****** 
14:56:59.360 [main] INFO  testCases.TC001_AccountRegistrationPage - ***** CLick on Myaccount Link ****** 
14:56:59.994 [main] INFO  testCases.TC001_AccountRegistrationPage - ***** Click on Register Link ****** 
14:56:59.997 [main] INFO  testCases.TC001_AccountRegistrationPage - ***** Providing Customer Details ****** 
14:57:01.230 [main] INFO  testCases.TC001_AccountRegistrationPage - ***** Validate expected Message ****** 
14:57:01.259 [main] INFO  testCases.TC001_AccountRegistrationPage - ***** Finished TC001_AccountRegistrationPage ****** 
